[    0.000000] Linux version 4.15.0-175-generic (buildd@lcy02-amd64-034) (gcc version 7.5.0 (Ubuntu 7.5.0-3ubuntu1~18.04)) #184-Ubuntu SMP Thu Mar 24 17:48:36 UTC 2022 (Ubuntu 4.15.0-175.184-generic 4.15.18)
[    0.000000] Command line: BOOT_IMAGE=/boot/vmlinuz-4.15.0-175-generic root=LABEL=cloudimg-rootfs ro console=tty1 console=ttyS0
[    0.000000] KERNEL supported cpus:
[    0.000000]   Intel GenuineIntel
[    0.000000]   AMD AuthenticAMD
[    0.000000]   Centaur CentaurHauls
[    0.000000] x86/fpu: Supporting XSAVE feature 0x001: 'x87 floating point registers'
[    0.000000] x86/fpu: Supporting XSAVE feature 0x002: 'SSE registers'
[    0.000000] x86/fpu: Supporting XSAVE feature 0x004: 'AVX registers'
[    0.000000] x86/fpu: xstate_offset[2]:  576, xstate_sizes[2]:  256
[    0.000000] x86/fpu: Enabled xstate features 0x7, context size is 832 bytes, using 'standard' format.
[    0.000000] e820: BIOS-provided physical RAM map:
[    0.000000] BIOS-e820: [mem 0x0000000000000000-0x000000000009fbff] usable
[    0.000000] BIOS-e820: [mem 0x000000000009fc00-0x000000000009ffff] reserved
[    0.000000] BIOS-e820: [mem 0x00000000000f0000-0x00000000000fffff] reserved
[    0.000000] BIOS-e820: [mem 0x0000000000100000-0x00000000dffeffff] usable
[    0.000000] BIOS-e820: [mem 0x00000000dfff0000-0x00000000dfffffff] ACPI data
[    0.000000] BIOS-e820: [mem 0x00000000fec00000-0x00000000fec00fff] reserved
[    0.000000] BIOS-e820: [mem 0x00000000fee00000-0x00000000fee00fff] reserved
[    0.000000] BIOS-e820: [mem 0x00000000fffc0000-0x00000000ffffffff] reserved
[    0.000000] BIOS-e820: [mem 0x0000000100000000-0x000000011fffffff] usable
[    0.000000] NX (Execute Disable) protection: active
[    0.000000] SMBIOS 2.5 present.
[    0.000000] DMI: innotek GmbH VirtualBox/VirtualBox, BIOS VirtualBox 12/01/2006
[    0.000000] Hypervisor detected: KVM
[    0.000000] e820: last_pfn = 0x120000 max_arch_pfn = 0x400000000
[    0.000000] MTRR: Disabled
[    0.000000] x86/PAT: MTRRs disabled, skipping PAT initialization too.
[    0.000000] CPU MTRRs all blank - virtualized system.
[    0.000000] x86/PAT: Configuration [0-7]: WB  WT  UC- UC  WB  WT  UC- UC  
[    0.000000] e820: last_pfn = 0xdfff0 max_arch_pfn = 0x400000000
[    0.000000] found SMP MP-table at [mem 0x0009fff0-0x0009ffff]
[    0.000000] Scanning 1 areas for low memory corruption
[    0.000000] RAMDISK: [mem 0x359cb000-0x36cdcfff]
[    0.000000] ACPI: Early table checksum verification disabled
[    0.000000] ACPI: RSDP 0x00000000000E0000 000024 (v02 VBOX  )
[    0.000000] ACPI: XSDT 0x00000000DFFF0030 00003C (v01 VBOX   VBOXXSDT 00000001 ASL  00000061)
[    0.000000] ACPI: FACP 0x00000000DFFF00F0 0000F4 (v04 VBOX   VBOXFACP 00000001 ASL  00000061)
[    0.000000] ACPI: DSDT 0x00000000DFFF0470 002325 (v02 VBOX   VBOXBIOS 00000002 INTL 20190509)
[    0.000000] ACPI: FACS 0x00000000DFFF0200 000040
[    0.000000] ACPI: FACS 0x00000000DFFF0200 000040
[    0.000000] ACPI: APIC 0x00000000DFFF0240 00005C (v02 VBOX   VBOXAPIC 00000001 ASL  00000061)
[    0.000000] ACPI: SSDT 0x00000000DFFF02A0 0001CC (v01 VBOX   VBOXCPUT 00000002 INTL 20190509)
[    0.000000] ACPI: Reserving FACP table memory at [mem 0xdfff00f0-0xdfff01e3]
[    0.000000] ACPI: Reserving DSDT table memory at [mem 0xdfff0470-0xdfff2794]
[    0.000000] ACPI: Reserving FACS table memory at [mem 0xdfff0200-0xdfff023f]
[    0.000000] ACPI: Reserving FACS table memory at [mem 0xdfff0200-0xdfff023f]
[    0.000000] ACPI: Reserving APIC table memory at [mem 0xdfff0240-0xdfff029b]
[    0.000000] ACPI: Reserving SSDT table memory at [mem 0xdfff02a0-0xdfff046b]
[    0.000000] No NUMA configuration found
[    0.000000] Faking a node at [mem 0x0000000000000000-0x000000011fffffff]
[    0.000000] NODE_DATA(0) allocated [mem 0x11ffd1000-0x11fffbfff]
[    0.000000] kvm-clock: cpu 0, msr 1:1ff50001, primary cpu clock
[    0.000000] kvm-clock: Using msrs 4b564d01 and 4b564d00
[    0.000000] kvm-clock: using sched offset of 3138819564 cycles
[    0.000000] clocksource: kvm-clock: mask: 0xffffffffffffffff max_cycles: 0x1cd42e4dffb, max_idle_ns: 881590591483 ns
[    0.000000] Zone ranges:
[    0.000000]   DMA      [mem 0x0000000000001000-0x0000000000ffffff]
[    0.000000]   DMA32    [mem 0x0000000001000000-0x00000000ffffffff]
[    0.000000]   Normal   [mem 0x0000000100000000-0x000000011fffffff]
[    0.000000]   Device   empty
[    0.000000] Movable zone start for each node
[    0.000000] Early memory node ranges
[    0.000000]   node   0: [mem 0x0000000000001000-0x000000000009efff]
[    0.000000]   node   0: [mem 0x0000000000100000-0x00000000dffeffff]
[    0.000000]   node   0: [mem 0x0000000100000000-0x000000011fffffff]
[    0.000000] Reserved but unavailable: 104 pages
[    0.000000] Initmem setup node 0 [mem 0x0000000000001000-0x000000011fffffff]
[    0.000000] ACPI: PM-Timer IO Port: 0x4008
[    0.000000] IOAPIC[0]: apic_id 2, version 32, address 0xfec00000, GSI 0-23
[    0.000000] ACPI: INT_SRC_OVR (bus 0 bus_irq 0 global_irq 2 dfl dfl)
[    0.000000] ACPI: INT_SRC_OVR (bus 0 bus_irq 9 global_irq 9 low level)
[    0.000000] Using ACPI (MADT) for SMP configuration information
[    0.000000] smpboot: Allowing 2 CPUs, 0 hotplug CPUs
[    0.000000] PM: Registered nosave memory: [mem 0x00000000-0x00000fff]
[    0.000000] PM: Registered nosave memory: [mem 0x0009f000-0x0009ffff]
[    0.000000] PM: Registered nosave memory: [mem 0x000a0000-0x000effff]
[    0.000000] PM: Registered nosave memory: [mem 0x000f0000-0x000fffff]
[    0.000000] PM: Registered nosave memory: [mem 0xdfff0000-0xdfffffff]
[    0.000000] PM: Registered nosave memory: [mem 0xe0000000-0xfebfffff]
[    0.000000] PM: Registered nosave memory: [mem 0xfec00000-0xfec00fff]
[    0.000000] PM: Registered nosave memory: [mem 0xfec01000-0xfedfffff]
[    0.000000] PM: Registered nosave memory: [mem 0xfee00000-0xfee00fff]
[    0.000000] PM: Registered nosave memory: [mem 0xfee01000-0xfffbffff]
[    0.000000] PM: Registered nosave memory: [mem 0xfffc0000-0xffffffff]
[    0.000000] e820: [mem 0xe0000000-0xfebfffff] available for PCI devices
[    0.000000] Booting paravirtualized kernel on KVM
[    0.000000] clocksource: refined-jiffies: mask: 0xffffffff max_cycles: 0xffffffff, max_idle_ns: 7645519600211568 ns
[    0.000000] random: get_random_bytes called from start_kernel+0x99/0x500 with crng_init=0
[    0.000000] setup_percpu: NR_CPUS:8192 nr_cpumask_bits:2 nr_cpu_ids:2 nr_node_ids:1
[    0.000000] percpu: Embedded 50 pages/cpu s167936 r8192 d28672 u1048576
[    0.000000] PV qspinlock hash table entries: 256 (order: 0, 4096 bytes)
[    0.000000] Built 1 zonelists, mobility grouping on.  Total pages: 1032057
[    0.000000] Policy zone: Normal
[    0.000000] Kernel command line: BOOT_IMAGE=/boot/vmlinuz-4.15.0-175-generic root=LABEL=cloudimg-rootfs ro console=tty1 console=ttyS0
[    0.000000] Memory: 4013256K/4193848K available (12300K kernel code, 2484K rwdata, 4324K rodata, 2468K init, 2724K bss, 180592K reserved, 0K cma-reserved)
[    0.000000] SLUB: HWalign=64, Order=0-3, MinObjects=0, CPUs=2, Nodes=1
[    0.000000] Kernel/User page tables isolation: enabled
[    0.000000] ftrace: allocating 39503 entries in 155 pages
[    0.004000] Hierarchical RCU implementation.
[    0.004000] 	RCU restricting CPUs from NR_CPUS=8192 to nr_cpu_ids=2.
[    0.004000] 	Tasks RCU enabled.
[    0.004000] RCU: Adjusting geometry for rcu_fanout_leaf=16, nr_cpu_ids=2
[    0.004000] NR_IRQS: 524544, nr_irqs: 440, preallocated irqs: 16
[    0.004000] Console: colour VGA+ 80x25
[    0.004000] console [tty1] enabled
[    0.004000] console [ttyS0] enabled
[    0.004000] ACPI: Core revision 20170831
[    0.004000] ACPI: 2 ACPI AML tables successfully acquired and loaded
[    0.004000] APIC: Switch to symmetric I/O mode setup
[    0.004000] x2apic enabled
[    0.004000] Switched APIC routing to physical x2apic.
[    0.004000] ..TIMER: vector=0x30 apic1=0 pin1=2 apic2=-1 pin2=-1
[    0.004000] tsc: Detected 2207.996 MHz processor
[    0.004009] Calibrating delay loop (skipped) preset value.. 4415.99 BogoMIPS (lpj=8831984)
[    0.005243] pid_max: default: 32768 minimum: 301
[    0.005972] Security Framework initialized
[    0.006609] Yama: becoming mindful.
[    0.007184] AppArmor: AppArmor initialized
[    0.009046] Dentry cache hash table entries: 524288 (order: 10, 4194304 bytes)
[    0.010689] Inode-cache hash table entries: 262144 (order: 9, 2097152 bytes)
[    0.011730] Mount-cache hash table entries: 8192 (order: 4, 65536 bytes)
[    0.012008] Mountpoint-cache hash table entries: 8192 (order: 4, 65536 bytes)
[    0.013272] Last level iTLB entries: 4KB 64, 2MB 8, 4MB 8
[    0.014079] Last level dTLB entries: 4KB 64, 2MB 0, 4MB 0, 1GB 4
[    0.014975] Spectre V1 : Mitigation: usercopy/swapgs barriers and __user pointer sanitization
[    0.016002] Spectre V2 : Mitigation: Retpolines
[    0.016705] Spectre V2 : Spectre v2 / SpectreRSB mitigation: Filling RSB on context switch
[    0.017941] Speculative Store Bypass: Vulnerable
[    0.018683] SRBDS: Unknown: Dependent on hypervisor status
[    0.020001] MDS: Mitigation: Clear CPU buffers
[    0.020833] Freeing SMP alternatives memory: 36K
[    0.132000] smpboot: CPU0: Intel(R) Core(TM) i7-8750H CPU @ 2.20GHz (family: 0x6, model: 0x9e, stepping: 0xa)
[    0.132000] Performance Events: unsupported p6 CPU model 158 no PMU driver, software events only.
[    0.132000] Hierarchical SRCU implementation.
[    0.132060] NMI watchdog: Perf event create on CPU 0 failed with -2
[    0.132967] NMI watchdog: Perf NMI watchdog permanently disabled
[    0.133911] smp: Bringing up secondary CPUs ...
[    0.135047] x86: Booting SMP configuration:
[    0.135687] .... node  #0, CPUs:      #1
[    0.004000] kvm-clock: cpu 1, msr 1:1ff50041, secondary cpu clock
[    0.138691] smp: Brought up 1 node, 2 CPUs
[    0.138691] smpboot: Max logical packages: 1
[    0.140004] smpboot: Total of 2 processors activated (8831.98 BogoMIPS)
[    0.141106] devtmpfs: initialized
[    0.141106] x86/mm: Memory block size: 128MB
[    0.141490] evm: security.selinux
[    0.142008] evm: security.SMACK64
[    0.142530] evm: security.SMACK64EXEC
[    0.144002] evm: security.SMACK64TRANSMUTE
[    0.144630] evm: security.SMACK64MMAP
[    0.145198] evm: security.apparmor
[    0.145777] evm: security.ima
[    0.146254] evm: security.capability
[    0.146848] clocksource: jiffies: mask: 0xffffffff max_cycles: 0xffffffff, max_idle_ns: 7645041785100000 ns
[    0.148006] futex hash table entries: 512 (order: 3, 32768 bytes)
[    0.148953] pinctrl core: initialized pinctrl subsystem
[    0.149789] RTC time:  6:31:34, date: 04/16/22
[    0.150605] NET: Registered protocol family 16
[    0.152049] audit: initializing netlink subsys (disabled)
[    0.152869] audit: type=2000 audit(1650090698.610:1): state=initialized audit_enabled=0 res=1
[    0.153048] cpuidle: using governor ladder
[    0.153048] cpuidle: using governor menu
[    0.153278] ACPI: bus type PCI registered
[    0.156007] acpiphp: ACPI Hot Plug PCI Controller Driver version: 0.5
[    0.157008] PCI: Using configuration type 1 for base access
[    0.157898] HugeTLB registered 2.00 MiB page size, pre-allocated 0 pages
[    0.160024] ACPI: Added _OSI(Module Device)
[    0.160660] ACPI: Added _OSI(Processor Device)
[    0.161338] ACPI: Added _OSI(3.0 _SCP Extensions)
[    0.162094] ACPI: Added _OSI(Processor Aggregator Device)
[    0.162898] ACPI: Added _OSI(Linux-Dell-Video)
[    0.163571] ACPI: Added _OSI(Linux-Lenovo-NV-HDMI-Audio)
[    0.164002] ACPI: Added _OSI(Linux-HPI-Hybrid-Graphics)
[    0.164966] ACPI: Executed 1 blocks of module-level executable AML code
[    0.168446] ACPI: Interpreter enabled
[    0.169019] ACPI: (supports S0 S5)
[    0.169582] ACPI: Using IOAPIC for interrupt routing
[    0.170478] PCI: Using host bridge windows from ACPI; if necessary, use "pci=nocrs" and report a bug
[    0.171912] ACPI: Enabled 2 GPEs in block 00 to 07
[    0.177097] ACPI: PCI Root Bridge [PCI0] (domain 0000 [bus 00-ff])
[    0.178052] acpi PNP0A03:00: _OSC: OS supports [ASPM ClockPM Segments MSI]
[    0.180091] acpi PNP0A03:00: _OSC: not requesting OS control; OS requires [ExtendedConfig ASPM ClockPM MSI]
[    0.181489] acpi PNP0A03:00: fail to add MMCONFIG information, can't access extended PCI configuration space under this bridge.
[    0.183243] PCI host bridge to bus 0000:00
[    0.183805] pci_bus 0000:00: root bus resource [io  0x0000-0x0cf7 window]
[    0.184002] pci_bus 0000:00: root bus resource [io  0x0d00-0xffff window]
[    0.184820] pci_bus 0000:00: root bus resource [mem 0x000a0000-0x000bffff window]
[    0.185804] pci_bus 0000:00: root bus resource [mem 0xe0000000-0xfdffffff window]
[    0.186734] pci_bus 0000:00: root bus resource [bus 00-ff]
[    0.189191] pci 0000:00:01.1: legacy IDE quirk: reg 0x10: [io  0x01f0-0x01f7]
[    0.190016] pci 0000:00:01.1: legacy IDE quirk: reg 0x14: [io  0x03f6]
[    0.190802] pci 0000:00:01.1: legacy IDE quirk: reg 0x18: [io  0x0170-0x0177]
[    0.191602] pci 0000:00:01.1: legacy IDE quirk: reg 0x1c: [io  0x0376]
[    0.218260] pci 0000:00:07.0: quirk: [io  0x4000-0x403f] claimed by PIIX4 ACPI
[    0.219229] pci 0000:00:07.0: quirk: [io  0x4100-0x410f] claimed by PIIX4 SMB
[    0.229156] ACPI: PCI Interrupt Link [LNKA] (IRQs 5 9 10 *11)
[    0.230157] ACPI: PCI Interrupt Link [LNKB] (IRQs 5 9 *10 11)
[    0.230969] ACPI: PCI Interrupt Link [LNKC] (IRQs 5 *9 10 11)
[    0.231776] ACPI: PCI Interrupt Link [LNKD] (IRQs 5 9 10 *11)
[    0.232264] SCSI subsystem initialized
[    0.232869] pci 0000:00:02.0: vgaarb: setting as boot VGA device
[    0.232869] pci 0000:00:02.0: vgaarb: VGA device added: decodes=io+mem,owns=io+mem,locks=none
[    0.233819] pci 0000:00:02.0: vgaarb: bridge control possible
[    0.236006] vgaarb: loaded
[    0.236385] ACPI: bus type USB registered
[    0.236891] usbcore: registered new interface driver usbfs
[    0.237578] usbcore: registered new interface driver hub
[    0.238209] usbcore: registered new device driver usb
[    0.238836] EDAC MC: Ver: 3.0.0
[    0.238836] PCI: Using ACPI for IRQ routing
[    0.240180] NetLabel: Initializing
[    0.240654] NetLabel:  domain hash size = 128
[    0.241218] NetLabel:  protocols = UNLABELED CIPSOv4 CALIPSO
[    0.241893] NetLabel:  unlabeled traffic allowed by default
[    0.242597] clocksource: Switched to clocksource kvm-clock
[    0.248405] VFS: Disk quotas dquot_6.6.0
[    0.249556] VFS: Dquot-cache hash table entries: 512 (order 0, 4096 bytes)
[    0.250449] AppArmor: AppArmor Filesystem Enabled
[    0.251083] pnp: PnP ACPI init
[    0.252170] pnp: PnP ACPI: found 3 devices
[    0.259440] clocksource: acpi_pm: mask: 0xffffff max_cycles: 0xffffff, max_idle_ns: 2085701024 ns
[    0.260627] NET: Registered protocol family 2
[    0.261228] IP idents hash table entries: 65536 (order: 7, 524288 bytes)
[    0.262400] TCP established hash table entries: 32768 (order: 6, 262144 bytes)
[    0.263333] TCP bind hash table entries: 32768 (order: 7, 524288 bytes)
[    0.264165] TCP: Hash tables configured (established 32768 bind 32768)
[    0.265336] UDP hash table entries: 2048 (order: 4, 65536 bytes)
[    0.266105] UDP-Lite hash table entries: 2048 (order: 4, 65536 bytes)
[    0.266955] NET: Registered protocol family 1
[    0.267533] pci 0000:00:00.0: Limiting direct PCI/PCI transfers
[    0.268252] pci 0000:00:01.0: Activating ISA DMA hang workarounds
[    0.269023] pci 0000:00:02.0: Video device with shadowed ROM at [mem 0x000c0000-0x000dffff]
[    0.270087] Unpacking initramfs...
[    0.476393] Freeing initrd memory: 19528K
[    0.477022] PCI-DMA: Using software bounce buffering for IO (SWIOTLB)
[    0.477799] software IO TLB: mapped [mem 0xdbff0000-0xdfff0000] (64MB)
[    0.478693] clocksource: tsc: mask: 0xffffffffffffffff max_cycles: 0x1fd3b426a0c, max_idle_ns: 440795203300 ns
[    0.479886] platform rtc_cmos: registered platform RTC device (no PNP device found)
[    0.480873] Scanning for low memory corruption every 60 seconds
[    0.482098] Initialise system trusted keyrings
[    0.482724] Key type blacklist registered
[    0.483257] workingset: timestamp_bits=36 max_order=20 bucket_order=0
[    0.484658] zbud: loaded
[    0.485781] squashfs: version 4.0 (2009/01/31) Phillip Lougher
[    0.486661] fuse init (API version 7.26)
[    0.488324] Key type asymmetric registered
[    0.488821] Asymmetric key parser 'x509' registered
[    0.489408] Block layer SCSI generic (bsg) driver version 0.4 loaded (major 246)
[    0.490425] io scheduler noop registered
[    0.490919] io scheduler deadline registered
[    0.491446] io scheduler cfq registered (default)
[    0.492217] ACPI: AC Adapter [AC] (off-line)
[    0.492805] input: Power Button as /devices/LNXSYSTM:00/LNXPWRBN:00/input/input0
[    0.493802] ACPI: Power Button [PWRF]
[    0.494377] input: Sleep Button as /devices/LNXSYSTM:00/LNXSLPBN:00/input/input1
[    0.495291] ACPI: Sleep Button [SLPF]
[    0.496465] ACPI: Battery Slot [BAT0] (battery present)
[    0.497255] Serial: 8250/16550 driver, 32 ports, IRQ sharing enabled
[    0.518531] 00:02: ttyS0 at I/O 0x3f8 (irq = 4, base_baud = 115200) is a 16550A
[    0.521054] Linux agpgart interface v0.103
[    0.522878] loop: module loaded
[    0.523620] scsi host0: ata_piix
[    0.524112] scsi host1: ata_piix
[    0.524539] ata1: PATA max UDMA/33 cmd 0x1f0 ctl 0x3f6 bmdma 0xd000 irq 14
[    0.525320] ata2: PATA max UDMA/33 cmd 0x170 ctl 0x376 bmdma 0xd008 irq 15
[    0.526211] tun: Universal TUN/TAP device driver, 1.6
[    0.526890] PPP generic driver version 2.4.2
[    0.527460] ehci_hcd: USB 2.0 'Enhanced' Host Controller (EHCI) Driver
[    0.528269] ehci-pci: EHCI PCI platform driver
[    0.528850] ehci-platform: EHCI generic platform driver
[    0.529465] ohci_hcd: USB 1.1 'Open' Host Controller (OHCI) Driver
[    0.530173] ohci-pci: OHCI PCI platform driver
[    0.530779] ohci-platform: OHCI generic platform driver
[    0.531391] uhci_hcd: USB Universal Host Controller Interface driver
[    0.532168] i8042: PNP: PS/2 Controller [PNP0303:PS2K,PNP0f03:PS2M] at 0x60,0x64 irq 1,12
[    0.533502] serio: i8042 KBD port at 0x60,0x64 irq 1
[    0.534144] serio: i8042 AUX port at 0x60,0x64 irq 12
[    0.534859] mousedev: PS/2 mouse device common for all mice
[    0.535937] input: AT Translated Set 2 keyboard as /devices/platform/i8042/serio0/input/input2
[    0.537097] rtc_cmos rtc_cmos: rtc core: registered rtc_cmos as rtc0
[    0.537937] rtc_cmos rtc_cmos: alarms up to one day, 114 bytes nvram
[    0.538696] i2c /dev entries driver
[    0.539205] device-mapper: uevent: version 1.0.3
[    0.539823] device-mapper: ioctl: 4.37.0-ioctl (2017-09-20) initialised: dm-devel@redhat.com
[    0.540892] ledtrig-cpu: registered to indicate activity on CPUs
[    0.541883] NET: Registered protocol family 10
[    0.545382] Segment Routing with IPv6
[    0.545852] NET: Registered protocol family 17
[    0.546460] Key type dns_resolver registered
[    0.547223] mce: Using 0 MCE banks
[    0.547701] RAS: Correctable Errors collector initialized.
[    0.548355] sched_clock: Marking stable (548339833, 0)->(722933212, -174593379)
[    0.549643] registered taskstats version 1
[    0.550243] Loading compiled-in X.509 certificates
[    0.552378] Loaded X.509 cert 'Build time autogenerated kernel key: ea99b1e66d5186ff77dcfb46de385e3fbd0a569c'
[    0.553966] Loaded X.509 cert 'Canonical Ltd. Live Patch Signing: 14df34d1a87cf37625abec039ef2bf521249b969'
[    0.555538] Loaded X.509 cert 'Canonical Ltd. Kernel Module Signing: 88f752e560a1e0737e31163a466ad7b70a850c19'
[    0.556734] blacklist: Loading compiled-in revocation X.509 certificates
[    0.557564] Loaded X.509 cert 'Canonical Ltd. Secure Boot Signing: 61482aa2830d0ab2ad5af10b7250da9033ddcef0'
[    0.558763] zswap: loaded using pool lzo/zbud
[    0.561711] Key type big_key registered
[    0.562209] Key type trusted registered
[    0.563836] Key type encrypted registered
[    0.564339] AppArmor: AppArmor sha1 policy hashing enabled
[    0.564979] ima: No TPM chip found, activating TPM-bypass! (rc=-19)
[    0.565696] ima: Allocated hash algorithm: sha1
[    0.566268] evm: HMAC attrs: 0x1
[    0.566839]   Magic number: 2:302:519
[    0.567414] rtc_cmos rtc_cmos: setting system clock to 2022-04-16 06:31:34 UTC (1650090694)
[    0.568440] BIOS EDD facility v0.16 2004-Jun-25, 0 devices found
[    0.569153] EDD information not available.
[    0.762996] Freeing unused kernel image memory: 2468K
[    1.140335] Write protecting the kernel read-only data: 20480k
[    1.145700] Freeing unused kernel image memory: 2008K
[    1.149712] Freeing unused kernel image memory: 1820K
[    1.174068] x86/mm: Checked W+X mappings: passed, no W+X pages found.
[    1.176486] x86/mm: Checking user space page tables
[    1.187859] x86/mm: Checked W+X mappings: passed, no W+X pages found.
Loading, please wait...
starting version 237
[    1.243886] e1000: Intel(R) PRO/1000 Network Driver - version 7.3.21-k8-NAPI
[    1.244746] e1000: Copyright (c) 1999-2006 Intel Corporation.
[    1.246951] Fusion MPT base driver 3.04.20
[    1.247440] Copyright (c) 1999-2008 LSI Corporation
[    1.260280] Fusion MPT SPI Host driver 3.04.20
[    1.262337] AVX2 version of gcm_enc/dec engaged.
[    1.263079] AES CTR mode by8 optimization enabled
[    1.265287] mptbase: ioc0: Initiating bringup
[    1.556732] input: ImExPS/2 Generic Explorer Mouse as /devices/platform/i8042/serio1/input/input4
[    1.568878] ioc0: LSI53C1030 A0: Capabilities={Initiator}
[    4.482581] scsi host2: ioc0: LSI53C1030 A0, FwRev=00000000h, Ports=1, MaxQ=256, IRQ=20
[    7.478566] scsi 2:0:0:0: Direct-Access     VBOX     HARDDISK         1.0  PQ: 0 ANSI: 5
[    7.524306] scsi target2:0:0: Beginning Domain Validation
[    7.525499] scsi target2:0:0: Domain Validation skipping write tests
[    7.526904] scsi target2:0:0: Ending Domain Validation
[    7.528742] scsi target2:0:0: asynchronous
[    7.530561] scsi 2:0:1:0: Direct-Access     VBOX     HARDDISK         1.0  PQ: 0 ANSI: 5
[    7.805710] scsi target2:0:1: Beginning Domain Validation
[    7.807683] random: fast init done
[    7.808134] scsi target2:0:1: Domain Validation skipping write tests
[    7.808816] scsi target2:0:1: Ending Domain Validation
[    7.809413] scsi target2:0:1: asynchronous
[    7.812076] random: systemd-udevd: uninitialized urandom read (16 bytes read)
[    7.812915] random: systemd-udevd: uninitialized urandom read (16 bytes read)
[    7.812989] sd 2:0:0:0: Attached scsi generic sg0 type 0
[    7.813757] random: systemd-udevd: uninitialized urandom read (16 bytes read)
[    7.815407] sd 2:0:0:0: [sda] 83886080 512-byte logical blocks: (42.9 GB/40.0 GiB)
[    7.816415] sd 2:0:1:0: Attached scsi generic sg1 type 0
[    7.816438] sd 2:0:0:0: [sda] Write Protect is off
[    7.817792] sd 2:0:0:0: [sda] Incomplete mode parameter data
[    7.818406] sd 2:0:0:0: [sda] Assuming drive cache: write through
[    7.819058] sd 2:0:1:0: [sdb] 20480 512-byte logical blocks: (10.5 MB/10.0 MiB)
[    7.820037] sd 2:0:1:0: [sdb] Write Protect is off
[    7.824470] sd 2:0:1:0: [sdb] Incomplete mode parameter data
[    7.825088] sd 2:0:1:0: [sdb] Assuming drive cache: write through
[    7.831816]  sda: sda1
[    7.833035] e1000 0000:00:03.0 eth0: (PCI:33MHz:32-bit) 02:33:ba:03:32:e5
[    7.833038] e1000 0000:00:03.0 eth0: Intel(R) PRO/1000 Network Connection
[    7.836660] sd 2:0:0:0: [sda] Attached SCSI disk
[    7.836677] sd 2:0:1:0: [sdb] Attached SCSI disk
[    7.837197] e1000 0000:00:03.0 enp0s3: renamed from eth0
Begin: Loading essential drivers ... [    9.459811] raid6: sse2x1   gen() 15533 MB/s
[    9.516020] raid6: sse2x1   xor() 11910 MB/s
[    9.572583] raid6: sse2x2   gen() 20356 MB/s
[    9.623017] raid6: sse2x2   xor() 11653 MB/s
[    9.675818] raid6: sse2x4   gen() 23170 MB/s
[    9.731800] raid6: sse2x4   xor() 14252 MB/s
[    9.792062] raid6: avx2x1   gen() 34951 MB/s
[    9.851052] raid6: avx2x1   xor() 24642 MB/s
[    9.903891] raid6: avx2x2   gen() 38967 MB/s
[    9.963971] raid6: avx2x2   xor() 26833 MB/s
[   10.019616] raid6: avx2x4   gen() 46255 MB/s
[   10.084437] raid6: avx2x4   xor() 25365 MB/s
[   10.085043] raid6: using algorithm avx2x4 gen() 46255 MB/s
[   10.085689] raid6: .... xor() 25365 MB/s, rmw enabled
[   10.086283] raid6: using avx2x2 recovery algorithm
[   10.087847] xor: automatically using best checksumming function   avx       
[   10.089419] async_tx: api initialized (async)
done.
Begin: Running /scripts/init-premount ... done.
Begin: Mounting root file system ... Begin: Running /scripts/local-top ... done.
Begin: Running /scripts/local-premount ... [   10.126001] Btrfs loaded, crc32c=crc32c-intel
Scanning for Btrfs filesystems
done.
Warning: fsck not present, so skipping root file system
[   10.151883] EXT4-fs (sda1): mounted filesystem with ordered data mode. Opts: (null)
done.
Begin: Running /scripts/local-bottom ... done.
Begin: Running /scripts/init-bottom ... done.
[   10.397248] ip_tables: (C) 2000-2006 Netfilter Core Team
[   10.409970] systemd[1]: systemd 237 running in system mode. (+PAM +AUDIT +SELINUX +IMA +APPARMOR +SMACK +SYSVINIT +UTMP +LIBCRYPTSETUP +GCRYPT +GNUTLS +ACL +XZ +LZ4 +SECCOMP +BLKID +ELFUTILS +KMOD -IDN2 +IDN -PCRE2 default-hierarchy=hybrid)
[   10.415372] systemd[1]: Detected virtualization oracle.
[   10.416785] systemd[1]: Detected architecture x86-64.

Welcome to [1mUbuntu 18.04.6 LTS[0m!

[   10.423794] systemd[1]: Set hostname to <ubuntu>.
[   10.426251] systemd[1]: Initializing machine ID from random generator.
[   10.427368] systemd[1]: Installed transient /etc/machine-id file.
[   10.735159] systemd[1]: Created slice User and Session Slice.
[[0;32m  OK  [0m] Created slice User and Session Slice.
[   10.736892] systemd[1]: Reached target Swap.
[[0;32m  OK  [0m] Reached target Swap.
[   10.738122] systemd[1]: Set up automount Arbitrary Executable File Formats File System Automount Point.
[[0;32m  OK  [0m] Set up automount Arbitrary Executab…rmats File System Automount Point.
[   10.740159] systemd[1]: Reached target System Time Synchronized.
[[0;32m  OK  [0m] Reached target System Time Synchronized.
[[0;32m  OK  [0m] Started Forward Password Requests to Wall Directory Watch.
[[0;32m  OK  [0m] Reached target User and Group Name Lookups.
[[0;32m  OK  [0m] Created slice System Slice.
[[0;32m  OK  [0m] Reached target Slices.
[[0;32m  OK  [0m] Listening on Journal Socket.
         Mounting Kernel Debug File System...
[[0;32m  OK  [0m] Listening on udev Control Socket.
         Mounting Huge Pages File System...
[[0;32m  OK  [0m] Listening on Device-mapper event daemon FIFOs.
[[0;32m  OK  [0m] Listening on Journal Socket (/dev/log).
[[0;32m  OK  [0m] Listening on Syslog Socket.
[[0;32m  OK  [0m] Listening on LVM2 poll daemon socket.
[[0;32m  OK  [0m] Listening on Network Service Netlink Socket.
         Starting Uncomplicated firewall...
         Starting Create list of required st…ce nodes for the current kernel...
[[0;32m  OK  [0m] Created slice system-serial\x2dgetty.slice.
[[0;32m  OK  [0m] Listening on udev Kernel Socket.
         Starting Set the console keyboard layout...
[[0;32m  OK  [0m] Listening on LVM2 metadata daemon socket.
         Starting Monitoring of LVM2 mirrors…ng dmeventd or progress polling...
[[0;32m  OK  [0m] Listening on fsck to fsckd communication Socket.
         Starting File System Check on Root Device...
[[0;32m  OK  [0m] Listening on /dev/initctl Compatibility Named Pipe.
         Mounting POSIX Message Queue File System...
         Starting Load Kernel Modules...
[[0;32m  OK  [0m] Listening on Journal Audit Socket.
         Starting Journal Service...
         Starting udev Coldplug all Devices...
[[0;32m  OK  [0m] Mounted Kernel Debug File System.
[[0;32m  OK  [0m] Mounted Huge Pages File System.
[[0;32m  OK  [0m] Started Uncomplicated firewall.
[[0;32m  OK  [0m] Started Create list of required sta…vice nodes for the current kernel.
[[0;32m  OK  [0m] Mounted POSIX Message Queue File System.
         Starting Create Static Device Nodes in /dev...
[[0;32m  OK  [0m] Started LVM2 metadata daemon.
[[0;32m  OK  [0m] Started File System Check Daemon to report status.
[   10.820857] Loading iSCSI transport class v2.0-870.
[   10.825420] iscsi: registered transport (tcp)
[   10.838081] iscsi: registered transport (iser)
[[0;32m  OK  [0m] Started Load Kernel Modules.
         Mounting FUSE Control File System...
         Mounting Kernel Configuration File System...
         Starting Apply Kernel Variables...
[[0;32m  OK  [0m] Mounted Kernel Configuration File System.
[[0;32m  OK  [0m] Mounted FUSE Control File System.
[[0;32m  OK  [0m] Started Journal Service.
[[0;32m  OK  [0m] Started Create Static Device Nodes in /dev.
[[0;32m  OK  [0m] Started udev Coldplug all Devices.
[[0;32m  OK  [0m] Started Monitoring of LVM2 mirrors,…sing dmeventd or progress polling.
[[0;32m  OK  [0m] Started File System Check on Root Device.
[[0;32m  OK  [0m] Started Apply Kernel Variables.
         Starting Remount Root and Kernel File Systems...
[[0;32m  OK  [0m] Started Remount Root and Kernel File Systems.
         Starting Load/Save Random Seed...
         Starting udev Kernel Device Manager...
         Starting Flush Journal to Persistent Storage...
[[0;32m  OK  [0m] Started udev Kernel Device Manager.
[[0;32m  OK  [0m] Started Load/Save Random Seed.
[[0;32m  OK  [0m] Started Flush Journal to Persistent Storage.
[[0;32m  OK  [0m] Found device /dev/ttyS0.
[[0;32m  OK  [0m] Listening on Load/Save RF Kill Switch Status /dev/rfkill Watch.
[[0;32m  OK  [0m] Started Set the console keyboard layout.
[[0;32m  OK  [0m] Started Dispatch Password Requests to Console Directory Watch.
[[0;32m  OK  [0m] Reached target Local Encrypted Volumes.
[[0;32m  OK  [0m] Reached target Local File Systems (Pre).
[[0;32m  OK  [0m] Reached target Local File Systems.
         Starting Create Volatile Files and Directories...
         Starting AppArmor initialization...
         Starting Tell Plymouth To Write Out Runtime Data...
         Starting ebtables ruleset management...
         Starting Set console font and keymap...
         Starting Commit a transient machine-id on disk...
[[0;32m  OK  [0m] Started Create Volatile Files and Directories.
         Starting Update UTMP about System Boot/Shutdown...
[[0;32m  OK  [0m] Started Tell Plymouth To Write Out Runtime Data.
[[0;32m  OK  [0m] Started Update UTMP about System Boot/Shutdown.
[[0;32m  OK  [0m] Started Commit a transient machine-id on disk.
[[0;32m  OK  [0m] Started ebtables ruleset management.
[[0;32m  OK  [0m] Started AppArmor initialization.
         Starting Initial cloud-init job (pre-networking)...
         Starting Load AppArmor profiles managed internally by snapd...
[[0;32m  OK  [0m] Started Load AppArmor profiles managed internally by snapd.
[[0;32m  OK  [0m] Started Set console font and keymap.
[   13.737590] cloud-init[813]: Cloud-init v. 22.1-14-g2e17a0d6-0ubuntu1~18.04.3 running 'init-local' at Sat, 16 Apr 2022 06:31:47 +0000. Up 13.49 seconds.
[[0;32m  OK  [0m] Started Initial cloud-init job (pre-networking).
[[0;32m  OK  [0m] Reached target Network (Pre).
         Starting Network Service...
[[0;32m  OK  [0m] Started Network Service.
         Starting Wait for Network to be Configured...
         Starting Network Name Resolution...
[[0;32m  OK  [0m] Started Network Name Resolution.
[[0;32m  OK  [0m] Reached target Host and Network Name Lookups.
[[0;32m  OK  [0m] Reached target Network.
[[0;32m  OK  [0m] Started Wait for Network to be Configured.
         Starting Initial cloud-init job (metadata service crawler)...
[   15.494620] cloud-init[959]: Cloud-init v. 22.1-14-g2e17a0d6-0ubuntu1~18.04.3 running 'init' at Sat, 16 Apr 2022 06:31:49 +0000. Up 15.34 seconds.
[   15.495793] cloud-init[959]: ci-info: ++++++++++++++++++++++++++++++++++++++Net device info++++++++++++++++++++++++++++++++++++++
[   15.496844] cloud-init[959]: ci-info: +--------+------+----------------------------+---------------+--------+-------------------+
[   15.498869] cloud-init[959]: ci-info: | Device |  Up  |          Address           |      Mask     | Scope  |     Hw-Address    |
[   15.500099] cloud-init[959]: ci-info: +--------+------+----------------------------+---------------+--------+-------------------+
[   15.501378] cloud-init[959]: ci-info: | enp0s3 | True |         10.0.2.15          | 255.255.255.0 | global | 02:33:ba:03:32:e5 |
[   15.502872] cloud-init[959]: ci-info: | enp0s3 | True | fe80::33:baff:fe03:32e5/64 |       .       |  link  | 02:33:ba:03:32:e5 |
[   15.504599] cloud-init[959]: ci-info: |   lo   | True |         127.0.0.1          |   255.0.0.0   |  host  |         .         |
[   15.505772] cloud-init[959]: ci-info: |   lo   | True |          ::1/128           |       .       |  host  |         .         |
[   15.506957] cloud-init[959]: ci-info: +--------+------+----------------------------+---------------+--------+-------------------+
[   15.508150] cloud-init[959]: ci-info: ++++++++++++++++++++++++++++Route IPv4 info+++++++++++++++++++++++++++++
[   15.509363] cloud-init[959]: ci-info: +-------+-------------+----------+-----------------+-----------+-------+
[   15.510588] cloud-init[959]: ci-info: | Route | Destination | Gateway  |     Genmask     | Interface | Flags |
[   15.511674] cloud-init[959]: ci-info: +-------+-------------+----------+-----------------+-----------+-------+
[   15.512870] cloud-init[959]: ci-info: |   0   |   0.0.0.0   | 10.0.2.2 |     0.0.0.0     |   enp0s3  |   UG  |
[   15.514034] cloud-init[959]: ci-info: |   1   |   10.0.2.0  | 0.0.0.0  |  255.255.255.0  |   enp0s3  |   U   |
[   15.515059] cloud-init[959]: ci-info: |   2   |   10.0.2.2  | 0.0.0.0  | 255.255.255.255 |   enp0s3  |   UH  |
[   15.516271] cloud-init[959]: ci-info: +-------+-------------+----------+-----------------+-----------+-------+
[   15.517400] cloud-init[959]: ci-info: +++++++++++++++++++Route IPv6 info+++++++++++++++++++
[   15.518344] cloud-init[959]: ci-info: +-------+-------------+---------+-----------+-------+
[   15.519301] cloud-init[959]: ci-info: | Route | Destination | Gateway | Interface | Flags |
[   15.520010] cloud-init[959]: ci-info: +-------+-------------+---------+-----------+-------+
[   15.520859] cloud-init[959]: ci-info: |   1   |  fe80::/64  |    ::   |   enp0s3  |   U   |
[   15.521731] cloud-init[959]: ci-info: |   3   |    local    |    ::   |   enp0s3  |   U   |
[   15.522632] cloud-init[959]: ci-info: |   4   |   ff00::/8  |    ::   |   enp0s3  |   U   |
[   15.523480] cloud-init[959]: ci-info: +-------+-------------+---------+-----------+-------+
[   16.133716] cloud-init[959]: Generating public/private rsa key pair.
[   16.135048] cloud-init[959]: Your identification has been saved in /etc/ssh/ssh_host_rsa_key.
[   16.137097] cloud-init[959]: Your public key has been saved in /etc/ssh/ssh_host_rsa_key.pub.
[   16.138866] cloud-init[959]: The key fingerprint is:
[   16.139994] cloud-init[959]: SHA256:396wA5oCr9Y6E5x5jJBQfmBE3C8334Oth0jMOSS9iKE root@ubuntu-bionic
[   16.141728] cloud-init[959]: The key's randomart image is:
[   16.142711] cloud-init[959]: +---[RSA 2048]----+
[   16.143609] cloud-init[959]: | =*.             |
[   16.144520] cloud-init[959]: |.o...            |
[   16.145418] cloud-init[959]: | ....o           |
[   16.146293] cloud-init[959]: |  +.o *          |
[   16.147011] cloud-init[959]: | . = & =S+       |
[   16.147754] cloud-init[959]: |E . O X o.=.     |
[   16.148242] cloud-init[959]: |     B o =.oo    |
[   16.148937] cloud-init[959]: |    + = = ...+   |
[   16.149645] cloud-init[959]: |   .o= . .  o..  |
[   16.150309] cloud-init[959]: +----[SHA256]-----+
[   16.151034] cloud-init[959]: Generating public/private dsa key pair.
[   16.151864] cloud-init[959]: Your identification has been saved in /etc/ssh/ssh_host_dsa_key.
[   16.152939] cloud-init[959]: Your public key has been saved in /etc/ssh/ssh_host_dsa_key.pub.
[   16.153998] cloud-init[959]: The key fingerprint is:
[   16.171998] cloud-init[959]: SHA256:7j4OX7ETqAmpurlYejDgMMGWNqZhGSUYJFpR+fBBqOY root@ubuntu-bionic
[   16.172842] cloud-init[959]: The key's randomart image is:
[   16.173332] cloud-init[959]: +---[DSA 1024]----+
[   16.173782] cloud-init[959]: |*=B+.+.          |
[   16.174280] cloud-init[959]: |*@. + .          |
[   16.174755] cloud-init[959]: |Bo.. + .         |
[   16.175187] cloud-init[959]: |= o  .o  .       |
[   16.175617] cloud-init[959]: |++  o   S o      |
[   16.176028] cloud-init[959]: |o.E. . +   +     |
[   16.176480] cloud-init[959]: | oo   + . +      |
[   16.176980] cloud-init[959]: |.=.    +.. .     |
[   16.177507] cloud-init[959]: |B+     o=.       |
[   16.177877] cloud-init[959]: +----[SHA256]-----+
[   16.178245] cloud-init[959]: Generating public/private ecdsa key pair.
[   16.178763] cloud-init[959]: Your identification has been saved in /etc/ssh/ssh_host_ecdsa_key.
[   16.179372] cloud-init[959]: Your public key has been saved in /etc/ssh/ssh_host_ecdsa_key.pub.
[   16.180003] cloud-init[959]: The key fingerprint is:
[   16.180501] cloud-init[959]: SHA256:MvAafeaZJdxqB86yKNUpgZLrQPhy8nPD9TTkzWMo3S4 root@ubuntu-bionic
[   16.181236] cloud-init[959]: The key's randomart image is:
[   16.181741] cloud-init[959]: +---[ECDSA 256]---+
[   16.182075] cloud-init[959]: |                 |
[   16.182478] cloud-init[959]: |                 |
[   16.182883] cloud-init[959]: |.. ..            |
[   16.183310] cloud-init[959]: |+.. .+ ...       |
[   16.183748] cloud-init[959]: |.+  .o==S=o      |
[   16.184192] cloud-init[959]: |= o oo=O*B*      |
[   16.184582] cloud-init[959]: |o= o.o.+O+..     |
[   16.184993] cloud-init[959]: | .+ +. +E..      |
[   16.185403] cloud-init[959]: |   +...  .       |
[   16.185806] cloud-init[959]: +----[SHA256]-----+
[   16.186204] cloud-init[959]: Generating public/private ed25519 key pair.
[   16.186758] cloud-init[959]: Your identification has been saved in /etc/ssh/ssh_host_ed25519_key.
[   16.187539] cloud-init[959]: Your public key has been saved in /etc/ssh/ssh_host_ed25519_key.pub.
[   16.188314] cloud-init[959]: The key fingerprint is:
[   16.188755] cloud-init[959]: SHA256:kO+K9tT3o4nrGb91NJo+HHp/9ARrMdJJh2ckdvzB4pE root@ubuntu-bionic
[   16.189508] cloud-init[959]: The key's randomart image is:
[   16.189994] cloud-init[959]: +--[ED25519 256]--+
[   16.190452] cloud-init[959]: |              =+o|
[   16.190804] cloud-init[959]: |       .     Eo==|
[   16.191226] cloud-init[959]: |      o     .oo=o|
[   16.191669] cloud-init[959]: |       o    ..* .|
[   16.192104] cloud-init[959]: |        S    .o= |
[   16.192540] cloud-init[959]: |       o    .+o.o|
[   16.192938] cloud-init[959]: |      . + .o+o.o.|
[   16.193357] cloud-init[959]: |    .o . *.==.  o|
[   16.193824] cloud-init[959]: |   ...o.=.=+o+.. |
[   16.194249] cloud-init[959]: +----[SHA256]-----+
[[0;32m  OK  [0m] Started Initial cloud-init job (metadata service crawler).
[[0;32m  OK  [0m] Reached target Cloud-config availability.
[[0;32m  OK  [0m] Reached target Network is Online.
[[0;32m  OK  [0m] Reached target Remote File Systems (Pre).
[[0;32m  OK  [0m] Reached target Remote File Systems.
         Starting Availability of block devices...
[[0;32m  OK  [0m] Reached target System Initialization.
         Starting LXD - unix socket.
[[0;32m  OK  [0m] Listening on ACPID Listen Socket.
[[0;32m  OK  [0m] Started Message of the Day.
[[0;32m  OK  [0m] Started Daily Cleanup of Temporary Directories.
[[0;32m  OK  [0m] Listening on cloud-init hotplug hook socket.
[[0;32m  OK  [0m] Listening on UUID daemon activation socket.
[[0;32m  OK  [0m] Started Discard unused blocks once a week.
         Starting Socket activation for snappy daemon.
[[0;32m  OK  [0m] Listening on Open-iSCSI iscsid Socket.
[[0;32m  OK  [0m] Started Trigger to poll for Ubuntu …(Only enabled on GCP LTS non-pro).
[[0;32m  OK  [0m] Listening on D-Bus System Message Bus Socket.
[[0;32m  OK  [0m] Started Daily apt download activities.
[[0;32m  OK  [0m] Started Ubuntu Advantage Timer for running repeated jobs.
[[0;32m  OK  [0m] Started Daily apt upgrade and clean activities.
[[0;32m  OK  [0m] Reached target Timers.
[[0;32m  OK  [0m] Started ACPI Events Check.
[[0;32m  OK  [0m] Reached target Paths.
[[0;32m  OK  [0m] Listening on LXD - unix socket.
[[0;32m  OK  [0m] Listening on Socket activation for snappy daemon.
[[0;32m  OK  [0m] Reached target Sockets.
[[0;32m  OK  [0m] Reached target Basic System.
[[0;32m  OK  [0m] Started D-Bus System Message Bus.
         Starting LSB: automatic crash report generation...
         Starting LXD - container startup/shutdown...
         Starting Pollinate to seed the pseudo random number generator...
[[0;32m  OK  [0m] Started irqbalance daemon.
         Starting LSB: Record successful boot for GRUB...
         Starting Accounts Service...
         Starting Snap Daemon...
[[0;32m  OK  [0m] Started Deferred execution scheduler.
         Starting System Logging Service...
[[0;32m  OK  [0m] Started FUSE filesystem for LXC.
[[0;32m  OK  [0m] Started Regular background program processing daemon.
         Starting Dispatcher daemon for systemd-networkd...
         Starting Permit User Sessions...
         Starting Login Service...
         Starting Virtualbox guest utils...
[[0;32m  OK  [0m] Started Availability of block devices.
[[0;32m  OK  [0m] Started LXD - container startup/shutdown.
[[0;32m  OK  [0m] Started LSB: automatic crash report generation.
[[0;32m  OK  [0m] Started System Logging Service.
[[0;32m  OK  [0m] Started Permit User Sessions.
         Starting Terminate Plymouth Boot Screen...
         Starting Hold until boot process finishes up...
[[0;32m  OK  [0m] Started Hold until boot process finishes up.
[[0;32m  OK  [0m] Started Serial Getty on ttyS0.
         Starting Set console scheme...
[[0;32m  OK  [0m] Started Terminate Plymouth Boot Screen.
[[0;32m  OK  [0m] Started Set console scheme.
[[0;32m  OK  [0m] Started Login Service.
[[0;32m  OK  [0m] Started Unattended Upgrades Shutdown.
[[0;32m  OK  [0m] Created slice system-getty.slice.
[[0;32m  OK  [0m] Started Getty on tty1.
[[0;32m  OK  [0m] Reached target Login Prompts.
         Starting Authorization Manager...
[[0;32m  OK  [0m] Started LSB: Record successful boot for GRUB.
[[0;32m  OK  [0m] Started Authorization Manager.
[[0;32m  OK  [0m] Started Accounts Service.
[[0;32m  OK  [0m] Started Virtualbox guest utils.
[[0;32m  OK  [0m] Started Dispatcher daemon for systemd-networkd.
[[0;32m  OK  [0m] Started Snap Daemon.
         Starting Wait until snapd is fully seeded...
         Starting Time & Date Service...
[[0;32m  OK  [0m] Started Time & Date Service.
[[0;32m  OK  [0m] Started Pollinate to seed the pseudo random number generator.
         Starting OpenBSD Secure Shell server...
[[0;32m  OK  [0m] Started OpenBSD Secure Shell server.
[[0;32m  OK  [0m] Started Wait until snapd is fully seeded.
         Starting Apply the settings specified in cloud-config...
[[0;32m  OK  [0m] Reached target Multi-User System.
[[0;32m  OK  [0m] Reached target Graphical Interface.
         Starting Update UTMP about System Runlevel Changes...
[[0;32m  OK  [0m] Started Update UTMP about System Runlevel Changes.
[   18.861591] cloud-init[1493]: Cloud-init v. 22.1-14-g2e17a0d6-0ubuntu1~18.04.3 running 'modules:config' at Sat, 16 Apr 2022 06:31:52 +0000. Up 18.59 seconds.
[[0;32m  OK  [0m] Created slice User Slice of vagrant.
         Starting User Manager for UID 1000...
[[0;32m  OK  [0m] Started Session 1 of user vagrant.
[[0;32m  OK  [0m] Started Apply the settings specified in cloud-config.
         Starting Execute cloud user/final scripts...
[[0;32m  OK  [0m] Started User Manager for UID 1000.
ci-info: no authorized SSH keys fingerprints found for user ubuntu.
<14>Apr 16 06:31:53 cloud-init: #############################################################
<14>Apr 16 06:31:53 cloud-init: -----BEGIN SSH HOST KEY FINGERPRINTS-----
<14>Apr 16 06:31:53 cloud-init: 1024 SHA256:7j4OX7ETqAmpurlYejDgMMGWNqZhGSUYJFpR+fBBqOY root@ubuntu-bionic (DSA)
<14>Apr 16 06:31:53 cloud-init: 256 SHA256:MvAafeaZJdxqB86yKNUpgZLrQPhy8nPD9TTkzWMo3S4 root@ubuntu-bionic (ECDSA)
<14>Apr 16 06:31:53 cloud-init: 256 SHA256:kO+K9tT3o4nrGb91NJo+HHp/9ARrMdJJh2ckdvzB4pE root@ubuntu-bionic (ED25519)
<14>Apr 16 06:31:53 cloud-init: 2048 SHA256:396wA5oCr9Y6E5x5jJBQfmBE3C8334Oth0jMOSS9iKE root@ubuntu-bionic (RSA)
<14>Apr 16 06:31:53 cloud-init: -----END SSH HOST KEY FINGERPRINTS-----
<14>Apr 16 06:31:53 cloud-init: #############################################################
-----BEGIN SSH HOST KEY KEYS-----
ecdsa-sha2-nistp256 AAAAE2VjZHNhLXNoYTItbmlzdHAyNTYAAAAIbmlzdHAyNTYAAABBBLydZ/ZUxvcU1w8Ry0sizZ7OaLPf5BB+kPk7/Y7OAp+zcluIl+XgYVbJGGsx1JOimU5+v7A7T4uJGFD7vZpyHco= root@ubuntu-bionic
ssh-ed25519 AAAAC3NzaC1lZDI1NTE5AAAAIBmsp3csFdth167rTaHwqGRUX5wUwkNZhMQXnHcANugI root@ubuntu-bionic
ssh-rsa AAAAB3NzaC1yc2EAAAADAQABAAABAQCk2feq7w1QpRsOTntucrTwB+sfdwj7M1mmm0LoYqSa+YJ3ifAUjlWg5uI14jvq507wwGYwBZInTGK3NsKnYKjZVr10K8ItXv+WN4Vmfcaz73qS2sHqLqc7DUNmdVT8qBF+j1qK7B5Vgjkfxk06Faqz+T0/wd/sDyGflhHccu3MO0UQnBijIArIKoVOTZ3rRUqPv4MFGymUbbi+KNdosEPcj4m9AEVQMuN32MOGqK3c0WxdVvTbhps6EEltj16xD1nQZIRMFj8FL1u6InAxsLS2zxy3vE1uCGKyjumlArEQEY+D7kqGKegcju3dlwyzu+Ist3CiFNWGKq5BHpKd6ST9 root@ubuntu-bionic
-----END SSH HOST KEY KEYS-----
[   19.353531] cloud-init[1583]: Cloud-init v. 22.1-14-g2e17a0d6-0ubuntu1~18.04.3 running 'modules:final' at Sat, 16 Apr 2022 06:31:53 +0000. Up 19.20 seconds.
[   19.354681] cloud-init[1583]: Cloud-init v. 22.1-14-g2e17a0d6-0ubuntu1~18.04.3 finished at Sat, 16 Apr 2022 06:31:53 +0000. Datasource DataSourceNoCloud [seed=/dev/sdb][dsmode=net].  Up 19.34 seconds
[[0;32m  OK  [0m] Started Execute cloud user/final scripts.
[[0;32m  OK  [0m] Reached target Cloud-init target.

Ubuntu 18.04.6 LTS ubuntu-bionic ttyS0

ubuntu-bionic login: 